<?xml version="1.0" encoding="UTF-8"?>
<!-- Generated by org.testng.reporters.JUnitXMLReporter -->
<testsuite hostname="DESKTOP-RBNB4BV" ignored="0" name="Default test" tests="7" failures="0" timestamp="17 Sep 2020 11:52:45 GMT" time="124.965" errors="0">
  <testcase name="testloginmethod" time="3.469" classname="com.qa.test.LoginPageTest"/>
  <testcase name="validatefirstlastname" time="3.242" classname="com.qa.test.RegistrationPageTest"/>
  <testcase name="validatehomepagetitle" time="0.009" classname="com.qa.test.HomePageTest"/>
  <testcase name="validateregistration" time="8.163" classname="com.qa.test.RegistrationPageTest"/>
  <testcase name="validateregistration" time="7.11" classname="com.qa.test.RegistrationPageTest"/>
  <testcase name="validatehomepagelogo" time="0.065" classname="com.qa.test.HomePageTest"/>
  <testcase name="validatelogin" time="2.536" classname="com.qa.test.HomePageTest"/>
</testsuite> <!-- Default test -->
