<?xml version="1.0" encoding="UTF-8"?>
<!-- Generated by org.testng.reporters.JUnitXMLReporter -->
<testsuite hostname="DESKTOP-KG22RCC" ignored="0" name="Default test" tests="6" failures="0" timestamp="2020-09-09T15:46:33 IST" time="91.304" errors="0">
  <testcase name="testloginmethod" time="3.444" classname="com.qa.test.LoginPageTest"/>
  <testcase name="validatefirstlastname" time="3.255" classname="com.qa.test.RegistrationPageTest"/>
  <testcase name="validateregistration" time="0.0" classname="com.qa.test.RegistrationPageTest">
    <skipped/>
  </testcase> <!-- validateregistration -->
  <testcase name="validatehomepagetitle" time="0.036" classname="com.qa.test.HomePageTest"/>
  <testcase name="validatehomepagelogo" time="0.231" classname="com.qa.test.HomePageTest"/>
  <testcase name="validatelogin" time="1.436" classname="com.qa.test.HomePageTest"/>
</testsuite> <!-- Default test -->
