<?xml version="1.0" encoding="UTF-8"?>
<!-- Generated by org.testng.reporters.JUnitXMLReporter -->
<testsuite hostname="megha3069-04" ignored="0" name="Regression1" tests="3" failures="0" timestamp="2020-08-26T17:01:49 IST" time="69.632" errors="0">
  <testcase name="validatehomepagetitle" time="0.017" classname="com.qa.test.HomePageTest"/>
  <testcase name="validatehomepagelogo" time="0.081" classname="com.qa.test.HomePageTest"/>
  <testcase name="validatelogin" time="1.191" classname="com.qa.test.HomePageTest"/>
</testsuite> <!-- Regression1 -->
