<?xml version="1.0" encoding="UTF-8"?>
<testng-results skipped="1" failed="0" ignored="0" total="6" passed="5">
  <reporter-output>
  </reporter-output>
  <suite name="Default suite" duration-ms="79893" started-at="2020-09-17T11:26:10Z" finished-at="2020-09-17T11:27:30Z">
    <groups>
    </groups>
    <test name="Default test" duration-ms="79893" started-at="2020-09-17T11:26:10Z" finished-at="2020-09-17T11:27:30Z">
      <class name="com.qa.test.LoginPageTest">
        <test-method status="PASS" signature="setup()[pri:0, instance:com.qa.test.LoginPageTest@589838eb]" name="setup" is-config="true" duration-ms="14522" started-at="2020-09-17T11:26:10Z" finished-at="2020-09-17T11:26:25Z">
          <reporter-output>
          </reporter-output>
        </test-method> <!-- setup -->
        <test-method status="PASS" signature="testloginmethod()[pri:1, instance:com.qa.test.LoginPageTest@589838eb]" name="testloginmethod" duration-ms="5553" started-at="2020-09-17T11:26:25Z" finished-at="2020-09-17T11:26:31Z">
          <reporter-output>
          </reporter-output>
        </test-method> <!-- testloginmethod -->
        <test-method status="PASS" signature="teardown()[pri:0, instance:com.qa.test.LoginPageTest@589838eb]" name="teardown" is-config="true" duration-ms="664" started-at="2020-09-17T11:26:31Z" finished-at="2020-09-17T11:26:31Z">
          <reporter-output>
          </reporter-output>
        </test-method> <!-- teardown -->
      </class> <!-- com.qa.test.LoginPageTest -->
      <class name="com.qa.test.RegistrationPageTest">
        <test-method status="PASS" signature="setup()[pri:0, instance:com.qa.test.RegistrationPageTest@42dafa95]" name="setup" is-config="true" duration-ms="13777" started-at="2020-09-17T11:26:31Z" finished-at="2020-09-17T11:26:45Z">
          <reporter-output>
          </reporter-output>
        </test-method> <!-- setup -->
        <test-method status="PASS" signature="validatefirstlastname()[pri:1, instance:com.qa.test.RegistrationPageTest@42dafa95]" name="validatefirstlastname" duration-ms="3225" started-at="2020-09-17T11:26:45Z" finished-at="2020-09-17T11:26:48Z">
          <reporter-output>
          </reporter-output>
        </test-method> <!-- validatefirstlastname -->
        <test-method status="SKIP" signature="validateregistration(java.lang.String, java.lang.String, java.lang.String, java.lang.String, java.lang.String, java.lang.String, java.lang.String, java.lang.String, java.lang.String)[pri:2, instance:com.qa.test.RegistrationPageTest@42dafa95]" name="validateregistration" duration-ms="0" started-at="2020-09-17T11:27:02Z" data-provider="getCRMTestData" finished-at="2020-09-17T11:27:02Z">
          <exception class="java.lang.RuntimeException">
            <message>
              <![CDATA[java.lang.NullPointerException]]>
            </message>
            <full-stacktrace>
              <![CDATA[java.lang.RuntimeException: java.lang.NullPointerException
at org.testng.internal.MethodInvocationHelper.invokeMethodNoCheckedException(MethodInvocationHelper.java:49)
at org.testng.internal.MethodInvocationHelper.invokeDataProvider(MethodInvocationHelper.java:131)
at org.testng.internal.Parameters.handleParameters(Parameters.java:706)
at org.testng.internal.ParameterHandler.handleParameters(ParameterHandler.java:49)
at org.testng.internal.ParameterHandler.createParameters(ParameterHandler.java:37)
at org.testng.internal.Invoker.invokeTestMethods(Invoker.java:924)
at org.testng.internal.TestMethodWorker.invokeTestMethods(TestMethodWorker.java:125)
at org.testng.internal.TestMethodWorker.run(TestMethodWorker.java:109)
at org.testng.TestRunner.privateRun(TestRunner.java:648)
at org.testng.TestRunner.run(TestRunner.java:505)
at org.testng.SuiteRunner.runTest(SuiteRunner.java:455)
at org.testng.SuiteRunner.runSequentially(SuiteRunner.java:450)
at org.testng.SuiteRunner.privateRun(SuiteRunner.java:415)
at org.testng.SuiteRunner.run(SuiteRunner.java:364)
at org.testng.SuiteRunnerWorker.runSuite(SuiteRunnerWorker.java:52)
at org.testng.SuiteRunnerWorker.run(SuiteRunnerWorker.java:84)
at org.testng.TestNG.runSuitesSequentially(TestNG.java:1208)
at org.testng.TestNG.runSuitesLocally(TestNG.java:1137)
at org.testng.TestNG.runSuites(TestNG.java:1049)
at org.testng.TestNG.run(TestNG.java:1017)
at org.testng.remote.AbstractRemoteTestNG.run(AbstractRemoteTestNG.java:115)
at org.testng.remote.RemoteTestNG.initAndRun(RemoteTestNG.java:251)
at org.testng.remote.RemoteTestNG.main(RemoteTestNG.java:77)
Caused by: java.lang.NullPointerException
at org.apache.poi.poifs.filesystem.FileMagic.prepareToCheckMagic(FileMagic.java:219)
at org.apache.poi.ss.usermodel.WorkbookFactory.create(WorkbookFactory.java:247)
at org.apache.poi.ss.usermodel.WorkbookFactory.create(WorkbookFactory.java:221)
at com.qa.utilities.TestUtil.getTestData(TestUtil.java:31)
at com.qa.test.RegistrationPageTest.getCRMTestData(RegistrationPageTest.java:49)
at sun.reflect.NativeMethodAccessorImpl.invoke0(Native Method)
at sun.reflect.NativeMethodAccessorImpl.invoke(NativeMethodAccessorImpl.java:62)
at sun.reflect.DelegatingMethodAccessorImpl.invoke(DelegatingMethodAccessorImpl.java:43)
at java.lang.reflect.Method.invoke(Method.java:498)
at org.testng.internal.MethodInvocationHelper.invokeMethod(MethodInvocationHelper.java:124)
at org.testng.internal.MethodInvocationHelper.invokeMethod(MethodInvocationHelper.java:74)
at org.testng.internal.MethodInvocationHelper.invokeMethodNoCheckedException(MethodInvocationHelper.java:45)
... 22 more
]]>
            </full-stacktrace>
          </exception> <!-- java.lang.RuntimeException -->
          <reporter-output>
          </reporter-output>
        </test-method> <!-- validateregistration -->
      </class> <!-- com.qa.test.RegistrationPageTest -->
      <class name="com.qa.test.HomePageTest">
        <test-method status="PASS" signature="setup()[pri:0, instance:com.qa.test.HomePageTest@6500df86]" name="setup" is-config="true" duration-ms="13522" started-at="2020-09-17T11:26:48Z" finished-at="2020-09-17T11:27:02Z">
          <reporter-output>
          </reporter-output>
        </test-method> <!-- setup -->
        <test-method status="PASS" signature="validatehomepagetitle()[pri:1, instance:com.qa.test.HomePageTest@6500df86]" name="validatehomepagetitle" duration-ms="13" started-at="2020-09-17T11:27:02Z" finished-at="2020-09-17T11:27:02Z">
          <reporter-output>
          </reporter-output>
        </test-method> <!-- validatehomepagetitle -->
        <test-method status="PASS" signature="teardown()[pri:0, instance:com.qa.test.HomePageTest@6500df86]" name="teardown" is-config="true" duration-ms="656" started-at="2020-09-17T11:27:02Z" finished-at="2020-09-17T11:27:02Z">
          <reporter-output>
          </reporter-output>
        </test-method> <!-- teardown -->
        <test-method status="PASS" signature="setup()[pri:0, instance:com.qa.test.HomePageTest@6500df86]" name="setup" is-config="true" duration-ms="11857" started-at="2020-09-17T11:27:02Z" finished-at="2020-09-17T11:27:14Z">
          <reporter-output>
          </reporter-output>
        </test-method> <!-- setup -->
        <test-method status="PASS" signature="validatehomepagelogo()[pri:2, instance:com.qa.test.HomePageTest@6500df86]" name="validatehomepagelogo" duration-ms="62" started-at="2020-09-17T11:27:14Z" finished-at="2020-09-17T11:27:14Z">
          <reporter-output>
          </reporter-output>
        </test-method> <!-- validatehomepagelogo -->
        <test-method status="PASS" signature="teardown()[pri:0, instance:com.qa.test.HomePageTest@6500df86]" name="teardown" is-config="true" duration-ms="676" started-at="2020-09-17T11:27:14Z" finished-at="2020-09-17T11:27:15Z">
          <reporter-output>
          </reporter-output>
        </test-method> <!-- teardown -->
        <test-method status="PASS" signature="setup()[pri:0, instance:com.qa.test.HomePageTest@6500df86]" name="setup" is-config="true" duration-ms="13025" started-at="2020-09-17T11:27:15Z" finished-at="2020-09-17T11:27:28Z">
          <reporter-output>
          </reporter-output>
        </test-method> <!-- setup -->
        <test-method status="PASS" signature="validatelogin()[pri:3, instance:com.qa.test.HomePageTest@6500df86]" name="validatelogin" duration-ms="1538" started-at="2020-09-17T11:27:28Z" finished-at="2020-09-17T11:27:30Z">
          <reporter-output>
          </reporter-output>
        </test-method> <!-- validatelogin -->
        <test-method status="PASS" signature="teardown()[pri:0, instance:com.qa.test.HomePageTest@6500df86]" name="teardown" is-config="true" duration-ms="689" started-at="2020-09-17T11:27:30Z" finished-at="2020-09-17T11:27:30Z">
          <reporter-output>
          </reporter-output>
        </test-method> <!-- teardown -->
      </class> <!-- com.qa.test.HomePageTest -->
    </test> <!-- Default test -->
  </suite> <!-- Default suite -->
</testng-results>
