<?xml version="1.0" encoding="UTF-8"?>
<testng-results skipped="1" failed="0" ignored="0" total="6" passed="5">
  <reporter-output>
  </reporter-output>
  <suite name="Default suite" duration-ms="91304" started-at="2020-09-09T15:45:01 IST" finished-at="2020-09-09T15:46:33 IST">
    <groups>
    </groups>
    <test name="Default test" duration-ms="91304" started-at="2020-09-09T15:45:01 IST" finished-at="2020-09-09T15:46:33 IST">
      <class name="com.qa.test.LoginPageTest">
        <test-method status="PASS" signature="setup()[pri:0, instance:com.qa.test.LoginPageTest@11438d26]" name="setup" is-config="true" duration-ms="20107" started-at="2020-09-09T15:45:01 IST" finished-at="2020-09-09T15:45:21 IST">
          <reporter-output>
          </reporter-output>
        </test-method> <!-- setup -->
        <test-method status="PASS" signature="testloginmethod()[pri:1, instance:com.qa.test.LoginPageTest@11438d26]" name="testloginmethod" duration-ms="3444" started-at="2020-09-09T15:45:21 IST" finished-at="2020-09-09T15:45:25 IST">
          <reporter-output>
          </reporter-output>
        </test-method> <!-- testloginmethod -->
        <test-method status="PASS" signature="teardown()[pri:0, instance:com.qa.test.LoginPageTest@11438d26]" name="teardown" is-config="true" duration-ms="849" started-at="2020-09-09T15:45:25 IST" finished-at="2020-09-09T15:45:26 IST">
          <reporter-output>
          </reporter-output>
        </test-method> <!-- teardown -->
      </class> <!-- com.qa.test.LoginPageTest -->
      <class name="com.qa.test.RegistrationPageTest">
        <test-method status="PASS" signature="setup()[pri:0, instance:com.qa.test.RegistrationPageTest@34cd072c]" name="setup" is-config="true" duration-ms="14786" started-at="2020-09-09T15:45:26 IST" finished-at="2020-09-09T15:45:41 IST">
          <reporter-output>
          </reporter-output>
        </test-method> <!-- setup -->
        <test-method status="PASS" signature="validatefirstlastname()[pri:1, instance:com.qa.test.RegistrationPageTest@34cd072c]" name="validatefirstlastname" duration-ms="3255" started-at="2020-09-09T15:45:41 IST" finished-at="2020-09-09T15:45:44 IST">
          <reporter-output>
          </reporter-output>
        </test-method> <!-- validatefirstlastname -->
        <test-method status="SKIP" signature="validateregistration(java.lang.String, java.lang.String, java.lang.String, java.lang.String, java.lang.String, java.lang.String, java.lang.String, java.lang.String, java.lang.String)[pri:2, instance:com.qa.test.RegistrationPageTest@34cd072c]" name="validateregistration" duration-ms="0" started-at="2020-09-09T15:45:44 IST" data-provider="getCRMTestData" finished-at="2020-09-09T15:45:44 IST">
          <exception class="java.lang.RuntimeException">
            <message>
              <![CDATA[java.lang.NullPointerException]]>
            </message>
            <full-stacktrace>
              <![CDATA[java.lang.RuntimeException: java.lang.NullPointerException
at org.testng.internal.MethodInvocationHelper.invokeMethodNoCheckedException(MethodInvocationHelper.java:49)
at org.testng.internal.MethodInvocationHelper.invokeDataProvider(MethodInvocationHelper.java:145)
at org.testng.internal.Parameters.handleParameters(Parameters.java:797)
at org.testng.internal.Parameters.handleParameters(Parameters.java:740)
at org.testng.internal.ParameterHandler.handleParameters(ParameterHandler.java:59)
at org.testng.internal.ParameterHandler.createParameters(ParameterHandler.java:38)
at org.testng.internal.TestInvoker$MethodInvocationAgent.invoke(TestInvoker.java:789)
at org.testng.internal.TestInvoker.invokeTestMethods(TestInvoker.java:147)
at org.testng.internal.TestMethodWorker.invokeTestMethods(TestMethodWorker.java:146)
at org.testng.internal.TestMethodWorker.run(TestMethodWorker.java:128)
at java.util.ArrayList.forEach(Unknown Source)
at org.testng.TestRunner.privateRun(TestRunner.java:764)
at org.testng.TestRunner.run(TestRunner.java:585)
at org.testng.SuiteRunner.runTest(SuiteRunner.java:384)
at org.testng.SuiteRunner.runSequentially(SuiteRunner.java:378)
at org.testng.SuiteRunner.privateRun(SuiteRunner.java:337)
at org.testng.SuiteRunner.run(SuiteRunner.java:286)
at org.testng.SuiteRunnerWorker.runSuite(SuiteRunnerWorker.java:53)
at org.testng.SuiteRunnerWorker.run(SuiteRunnerWorker.java:96)
at org.testng.TestNG.runSuitesSequentially(TestNG.java:1218)
at org.testng.TestNG.runSuitesLocally(TestNG.java:1140)
at org.testng.TestNG.runSuites(TestNG.java:1069)
at org.testng.TestNG.run(TestNG.java:1037)
at org.testng.remote.AbstractRemoteTestNG.run(AbstractRemoteTestNG.java:115)
at org.testng.remote.RemoteTestNG.initAndRun(RemoteTestNG.java:251)
at org.testng.remote.RemoteTestNG.main(RemoteTestNG.java:77)
Caused by: java.lang.NullPointerException
at org.apache.poi.poifs.filesystem.FileMagic.prepareToCheckMagic(FileMagic.java:219)
at org.apache.poi.ss.usermodel.WorkbookFactory.create(WorkbookFactory.java:247)
at org.apache.poi.ss.usermodel.WorkbookFactory.create(WorkbookFactory.java:221)
at com.qa.utilities.TestUtil.getTestData(TestUtil.java:32)
at com.qa.test.RegistrationPageTest.getCRMTestData(RegistrationPageTest.java:49)
at sun.reflect.NativeMethodAccessorImpl.invoke0(Native Method)
at sun.reflect.NativeMethodAccessorImpl.invoke(Unknown Source)
at sun.reflect.DelegatingMethodAccessorImpl.invoke(Unknown Source)
at java.lang.reflect.Method.invoke(Unknown Source)
at org.testng.internal.MethodInvocationHelper.invokeMethod(MethodInvocationHelper.java:132)
at org.testng.internal.MethodInvocationHelper.invokeMethod(MethodInvocationHelper.java:76)
at org.testng.internal.MethodInvocationHelper.invokeMethodNoCheckedException(MethodInvocationHelper.java:45)
... 25 more
]]>
            </full-stacktrace>
          </exception> <!-- java.lang.RuntimeException -->
          <reporter-output>
          </reporter-output>
        </test-method> <!-- validateregistration -->
      </class> <!-- com.qa.test.RegistrationPageTest -->
      <class name="com.qa.test.HomePageTest">
        <test-method status="PASS" signature="setup()[pri:0, instance:com.qa.test.HomePageTest@7a1ebcd8]" name="setup" is-config="true" duration-ms="15729" started-at="2020-09-09T15:45:44 IST" finished-at="2020-09-09T15:46:00 IST">
          <reporter-output>
          </reporter-output>
        </test-method> <!-- setup -->
        <test-method status="PASS" signature="validatehomepagetitle()[pri:1, instance:com.qa.test.HomePageTest@7a1ebcd8]" name="validatehomepagetitle" duration-ms="36" started-at="2020-09-09T15:46:00 IST" finished-at="2020-09-09T15:46:00 IST">
          <reporter-output>
          </reporter-output>
        </test-method> <!-- validatehomepagetitle -->
        <test-method status="PASS" signature="teardown()[pri:0, instance:com.qa.test.HomePageTest@7a1ebcd8]" name="teardown" is-config="true" duration-ms="819" started-at="2020-09-09T15:46:00 IST" finished-at="2020-09-09T15:46:00 IST">
          <reporter-output>
          </reporter-output>
        </test-method> <!-- teardown -->
        <test-method status="PASS" signature="setup()[pri:0, instance:com.qa.test.HomePageTest@7a1ebcd8]" name="setup" is-config="true" duration-ms="13513" started-at="2020-09-09T15:46:00 IST" finished-at="2020-09-09T15:46:14 IST">
          <reporter-output>
          </reporter-output>
        </test-method> <!-- setup -->
        <test-method status="PASS" signature="validatehomepagelogo()[pri:2, instance:com.qa.test.HomePageTest@7a1ebcd8]" name="validatehomepagelogo" duration-ms="231" started-at="2020-09-09T15:46:14 IST" finished-at="2020-09-09T15:46:14 IST">
          <reporter-output>
          </reporter-output>
        </test-method> <!-- validatehomepagelogo -->
        <test-method status="PASS" signature="teardown()[pri:0, instance:com.qa.test.HomePageTest@7a1ebcd8]" name="teardown" is-config="true" duration-ms="1269" started-at="2020-09-09T15:46:14 IST" finished-at="2020-09-09T15:46:15 IST">
          <reporter-output>
          </reporter-output>
        </test-method> <!-- teardown -->
        <test-method status="PASS" signature="setup()[pri:0, instance:com.qa.test.HomePageTest@7a1ebcd8]" name="setup" is-config="true" duration-ms="14595" started-at="2020-09-09T15:46:15 IST" finished-at="2020-09-09T15:46:30 IST">
          <reporter-output>
          </reporter-output>
        </test-method> <!-- setup -->
        <test-method status="PASS" signature="validatelogin()[pri:3, instance:com.qa.test.HomePageTest@7a1ebcd8]" name="validatelogin" duration-ms="1436" started-at="2020-09-09T15:46:30 IST" finished-at="2020-09-09T15:46:32 IST">
          <reporter-output>
          </reporter-output>
        </test-method> <!-- validatelogin -->
        <test-method status="PASS" signature="teardown()[pri:0, instance:com.qa.test.HomePageTest@7a1ebcd8]" name="teardown" is-config="true" duration-ms="1072" started-at="2020-09-09T15:46:32 IST" finished-at="2020-09-09T15:46:33 IST">
          <reporter-output>
          </reporter-output>
        </test-method> <!-- teardown -->
      </class> <!-- com.qa.test.HomePageTest -->
    </test> <!-- Default test -->
  </suite> <!-- Default suite -->
</testng-results>
